214 : 2025-10-01 05:46:55,093 : INFO : telemetry.main : Attempt start. Configuration directory [/home/cloud/.azure]. Cache directory [/home/cloud/.azure/telemetry/20251001054654967].
214 : 2025-10-01 05:46:55,093 : INFO : telemetry.records : 1 cache files to upload.
214 : 2025-10-01 05:46:55,093 : INFO : telemetry.records : Processed file /home/cloud/.azure/telemetry/20251001054654967/cache into 1 records.
214 : 2025-10-01 05:46:55,093 : INFO : telemetry.records : Remove directory /home/cloud/.azure/telemetry/20251001054654967
214 : 2025-10-01 05:46:55,094 : INFO : telemetry.client : Accumulated 1 events. Flush the clients.
214 : 2025-10-01 05:46:55,094 : INFO : telemetry.client : Flush client c4395b75-49cc-422c-bc95-c7d51aef5d46.
214 : 2025-10-01 05:46:56,077 : INFO : telemetry.sender : Sending 4416 bytes
214 : 2025-10-01 05:46:56,077 : INFO : telemetry.sender : Finish uploading in 0.982674 seconds.
244 : 2025-10-01 05:46:57,123 : INFO : telemetry.main : Attempt start. Configuration directory [/home/cloud/.azure]. Cache directory [/home/cloud/.azure/telemetry/20251001054656996].
244 : 2025-10-01 05:46:57,124 : INFO : telemetry.records : 1 cache files to upload.
244 : 2025-10-01 05:46:57,124 : INFO : telemetry.records : Processed file /home/cloud/.azure/telemetry/20251001054656996/cache into 1 records.
244 : 2025-10-01 05:46:57,124 : INFO : telemetry.records : Remove directory /home/cloud/.azure/telemetry/20251001054656996
244 : 2025-10-01 05:46:57,125 : INFO : telemetry.client : Accumulated 1 events. Flush the clients.
244 : 2025-10-01 05:46:57,125 : INFO : telemetry.client : Flush client c4395b75-49cc-422c-bc95-c7d51aef5d46.
254 : 2025-10-01 05:46:57,596 : INFO : telemetry.main : Attempt start. Configuration directory [/home/cloud/.azure]. Cache directory [/home/cloud/.azure/telemetry/20251001054657468].
254 : 2025-10-01 05:46:57,596 : INFO : telemetry.records : 1 cache files to upload.
254 : 2025-10-01 05:46:57,596 : INFO : telemetry.records : Processed file /home/cloud/.azure/telemetry/20251001054657468/cache into 1 records.
254 : 2025-10-01 05:46:57,597 : INFO : telemetry.records : Remove directory /home/cloud/.azure/telemetry/20251001054657468
254 : 2025-10-01 05:46:57,597 : INFO : telemetry.client : Accumulated 1 events. Flush the clients.
254 : 2025-10-01 05:46:57,597 : INFO : telemetry.client : Flush client c4395b75-49cc-422c-bc95-c7d51aef5d46.
244 : 2025-10-01 05:46:58,134 : INFO : telemetry.sender : Sending 4315 bytes
244 : 2025-10-01 05:46:58,134 : INFO : telemetry.sender : Finish uploading in 1.008725 seconds.
269 : 2025-10-01 05:46:58,560 : INFO : telemetry.main : Attempt start. Configuration directory [/home/cloud/.azure]. Cache directory [/home/cloud/.azure/telemetry/20251001054658444].
269 : 2025-10-01 05:46:58,569 : INFO : telemetry.records : 1 cache files to upload.
269 : 2025-10-01 05:46:58,570 : INFO : telemetry.records : Processed file /home/cloud/.azure/telemetry/20251001054658444/cache into 1 records.
269 : 2025-10-01 05:46:58,570 : INFO : telemetry.records : Remove directory /home/cloud/.azure/telemetry/20251001054658444
269 : 2025-10-01 05:46:58,571 : INFO : telemetry.client : Accumulated 1 events. Flush the clients.
269 : 2025-10-01 05:46:58,571 : INFO : telemetry.client : Flush client c4395b75-49cc-422c-bc95-c7d51aef5d46.
254 : 2025-10-01 05:46:58,585 : INFO : telemetry.sender : Sending 4397 bytes
254 : 2025-10-01 05:46:58,586 : INFO : telemetry.sender : Finish uploading in 0.988023 seconds.
269 : 2025-10-01 05:46:59,559 : INFO : telemetry.sender : Sending 4429 bytes
269 : 2025-10-01 05:46:59,559 : INFO : telemetry.sender : Finish uploading in 0.987286 seconds.
379 : 2025-10-01 05:50:20,003 : INFO : telemetry.main : Attempt start. Configuration directory [/home/cloud/.azure]. Cache directory [/home/cloud/.azure/telemetry/20251001055019884].
379 : 2025-10-01 05:50:20,003 : INFO : telemetry.records : 1 cache files to upload.
379 : 2025-10-01 05:50:20,003 : INFO : telemetry.records : Processed file /home/cloud/.azure/telemetry/20251001055019884/cache into 1 records.
379 : 2025-10-01 05:50:20,004 : INFO : telemetry.records : Remove directory /home/cloud/.azure/telemetry/20251001055019884
379 : 2025-10-01 05:50:20,004 : INFO : telemetry.client : Accumulated 1 events. Flush the clients.
379 : 2025-10-01 05:50:20,004 : INFO : telemetry.client : Flush client c4395b75-49cc-422c-bc95-c7d51aef5d46.
379 : 2025-10-01 05:50:20,833 : INFO : telemetry.sender : Sending 5220 bytes
379 : 2025-10-01 05:50:20,833 : INFO : telemetry.sender : Finish uploading in 0.828642 seconds.
760 : 2025-10-01 06:04:09,384 : INFO : telemetry.main : Attempt start. Configuration directory [/home/cloud/.azure]. Cache directory [/home/cloud/.azure/telemetry/20251001060409263].
760 : 2025-10-01 06:04:09,384 : INFO : telemetry.records : 1 cache files to upload.
760 : 2025-10-01 06:04:09,384 : INFO : telemetry.records : Processed file /home/cloud/.azure/telemetry/20251001060409263/cache into 1 records.
760 : 2025-10-01 06:04:09,385 : INFO : telemetry.records : Remove directory /home/cloud/.azure/telemetry/20251001060409263
760 : 2025-10-01 06:04:09,385 : INFO : telemetry.client : Accumulated 1 events. Flush the clients.
760 : 2025-10-01 06:04:09,385 : INFO : telemetry.client : Flush client c4395b75-49cc-422c-bc95-c7d51aef5d46.
760 : 2025-10-01 06:04:10,364 : INFO : telemetry.sender : Sending 4505 bytes
760 : 2025-10-01 06:04:10,365 : INFO : telemetry.sender : Finish uploading in 0.978986 seconds.
792 : 2025-10-01 06:04:45,314 : INFO : telemetry.main : Attempt start. Configuration directory [/home/cloud/.azure]. Cache directory [/home/cloud/.azure/telemetry/20251001060445205].
792 : 2025-10-01 06:04:45,314 : INFO : telemetry.records : 1 cache files to upload.
792 : 2025-10-01 06:04:45,315 : INFO : telemetry.records : Processed file /home/cloud/.azure/telemetry/20251001060445205/cache into 1 records.
792 : 2025-10-01 06:04:45,315 : INFO : telemetry.records : Remove directory /home/cloud/.azure/telemetry/20251001060445205
792 : 2025-10-01 06:04:45,316 : INFO : telemetry.client : Accumulated 1 events. Flush the clients.
792 : 2025-10-01 06:04:45,316 : INFO : telemetry.client : Flush client c4395b75-49cc-422c-bc95-c7d51aef5d46.
792 : 2025-10-01 06:04:46,486 : INFO : telemetry.sender : Sending 4483 bytes
792 : 2025-10-01 06:04:46,486 : INFO : telemetry.sender : Finish uploading in 1.169857 seconds.
827 : 2025-10-01 06:05:34,221 : INFO : telemetry.main : Attempt start. Configuration directory [/home/cloud/.azure]. Cache directory [/home/cloud/.azure/telemetry/20251001060534112].
827 : 2025-10-01 06:05:34,221 : INFO : telemetry.records : 1 cache files to upload.
827 : 2025-10-01 06:05:34,222 : INFO : telemetry.records : Processed file /home/cloud/.azure/telemetry/20251001060534112/cache into 1 records.
827 : 2025-10-01 06:05:34,222 : INFO : telemetry.records : Remove directory /home/cloud/.azure/telemetry/20251001060534112
827 : 2025-10-01 06:05:34,222 : INFO : telemetry.client : Accumulated 1 events. Flush the clients.
827 : 2025-10-01 06:05:34,222 : INFO : telemetry.client : Flush client c4395b75-49cc-422c-bc95-c7d51aef5d46.
827 : 2025-10-01 06:05:35,386 : INFO : telemetry.sender : Sending 4455 bytes
827 : 2025-10-01 06:05:35,386 : INFO : telemetry.sender : Finish uploading in 1.163729 seconds.
1045 : 2025-10-01 06:12:05,111 : INFO : telemetry.main : Attempt start. Configuration directory [/home/cloud/.azure]. Cache directory [/home/cloud/.azure/telemetry/20251001061204995].
1045 : 2025-10-01 06:12:05,111 : INFO : telemetry.records : 1 cache files to upload.
1045 : 2025-10-01 06:12:05,111 : INFO : telemetry.records : Processed file /home/cloud/.azure/telemetry/20251001061204995/cache into 1 records.
1045 : 2025-10-01 06:12:05,112 : INFO : telemetry.records : Remove directory /home/cloud/.azure/telemetry/20251001061204995
1045 : 2025-10-01 06:12:05,112 : INFO : telemetry.client : Accumulated 1 events. Flush the clients.
1045 : 2025-10-01 06:12:05,113 : INFO : telemetry.client : Flush client c4395b75-49cc-422c-bc95-c7d51aef5d46.
1045 : 2025-10-01 06:12:06,120 : INFO : telemetry.sender : Sending 4505 bytes
1045 : 2025-10-01 06:12:06,120 : INFO : telemetry.sender : Finish uploading in 1.007681 seconds.
1068 : 2025-10-01 06:12:23,730 : INFO : telemetry.main : Attempt start. Configuration directory [/home/cloud/.azure]. Cache directory [/home/cloud/.azure/telemetry/20251001061223619].
1068 : 2025-10-01 06:12:23,730 : INFO : telemetry.records : 1 cache files to upload.
1068 : 2025-10-01 06:12:23,730 : INFO : telemetry.records : Processed file /home/cloud/.azure/telemetry/20251001061223619/cache into 1 records.
1068 : 2025-10-01 06:12:23,731 : INFO : telemetry.records : Remove directory /home/cloud/.azure/telemetry/20251001061223619
1068 : 2025-10-01 06:12:23,731 : INFO : telemetry.client : Accumulated 1 events. Flush the clients.
1068 : 2025-10-01 06:12:23,731 : INFO : telemetry.client : Flush client c4395b75-49cc-422c-bc95-c7d51aef5d46.
1068 : 2025-10-01 06:12:24,732 : INFO : telemetry.sender : Sending 4482 bytes
1068 : 2025-10-01 06:12:24,732 : INFO : telemetry.sender : Finish uploading in 1.000922 seconds.
1091 : 2025-10-01 06:13:01,083 : INFO : telemetry.main : Attempt start. Configuration directory [/home/cloud/.azure]. Cache directory [/home/cloud/.azure/telemetry/20251001061300958].
1091 : 2025-10-01 06:13:01,083 : INFO : telemetry.records : 1 cache files to upload.
1091 : 2025-10-01 06:13:01,083 : INFO : telemetry.records : Processed file /home/cloud/.azure/telemetry/20251001061300958/cache into 1 records.
1091 : 2025-10-01 06:13:01,083 : INFO : telemetry.records : Remove directory /home/cloud/.azure/telemetry/20251001061300958
1091 : 2025-10-01 06:13:01,084 : INFO : telemetry.client : Accumulated 1 events. Flush the clients.
1091 : 2025-10-01 06:13:01,084 : INFO : telemetry.client : Flush client c4395b75-49cc-422c-bc95-c7d51aef5d46.
1091 : 2025-10-01 06:13:02,248 : INFO : telemetry.sender : Sending 4455 bytes
1091 : 2025-10-01 06:13:02,248 : INFO : telemetry.sender : Finish uploading in 1.164118 seconds.
1248 : 2025-10-01 06:18:09,505 : INFO : telemetry.main : Attempt start. Configuration directory [/home/cloud/.azure]. Cache directory [/home/cloud/.azure/telemetry/20251001061809396].
1248 : 2025-10-01 06:18:09,505 : INFO : telemetry.records : 1 cache files to upload.
1248 : 2025-10-01 06:18:09,505 : INFO : telemetry.records : Processed file /home/cloud/.azure/telemetry/20251001061809396/cache into 1 records.
1248 : 2025-10-01 06:18:09,505 : INFO : telemetry.records : Remove directory /home/cloud/.azure/telemetry/20251001061809396
1248 : 2025-10-01 06:18:09,506 : INFO : telemetry.client : Accumulated 1 events. Flush the clients.
1248 : 2025-10-01 06:18:09,506 : INFO : telemetry.client : Flush client c4395b75-49cc-422c-bc95-c7d51aef5d46.
1248 : 2025-10-01 06:18:10,539 : INFO : telemetry.sender : Sending 5349 bytes
1248 : 2025-10-01 06:18:10,539 : INFO : telemetry.sender : Finish uploading in 1.033020 seconds.
2007 : 2025-10-01 06:45:08,307 : INFO : telemetry.main : Attempt start. Configuration directory [/home/cloud/.azure]. Cache directory [/home/cloud/.azure/telemetry/20251001064508198].
2007 : 2025-10-01 06:45:08,307 : INFO : telemetry.records : 1 cache files to upload.
2007 : 2025-10-01 06:45:08,308 : INFO : telemetry.records : Processed file /home/cloud/.azure/telemetry/20251001064508198/cache into 1 records.
2007 : 2025-10-01 06:45:08,308 : INFO : telemetry.records : Remove directory /home/cloud/.azure/telemetry/20251001064508198
2007 : 2025-10-01 06:45:08,309 : INFO : telemetry.client : Accumulated 1 events. Flush the clients.
2007 : 2025-10-01 06:45:08,309 : INFO : telemetry.client : Flush client c4395b75-49cc-422c-bc95-c7d51aef5d46.
2007 : 2025-10-01 06:45:09,327 : INFO : telemetry.sender : Sending 5365 bytes
2007 : 2025-10-01 06:45:09,327 : INFO : telemetry.sender : Finish uploading in 1.018469 seconds.
